<?xml version="1.0" encoding="UTF-8"?>
<!-- Generated by org.testng.reporters.JUnitXMLReporter -->
<testsuite hostname="DESKTOP-P16BA6F" ignored="1" tests="9" failures="2" timestamp="2020-08-06T21:44:43 IST" time="9.492" errors="0">
  <testcase name="checkResponseBody" time="0.465" classname="TC001_Get_Request"/>
  <testcase name="checkStatusCode" time="0.001" classname="TC001_Get_Request"/>
  <testcase name="checkResponseTime" time="0.001" classname="TC001_Get_Request">
    <failure type="java.lang.NullPointerException">
      <![CDATA[java.lang.NullPointerException
at TC001_Get_Request.checkResponseTime(TC001_Get_Request.java:99)
at java.util.ArrayList.forEach(Unknown Source)
... Removed 27 stack frames]]>
    </failure>
  </testcase> <!-- checkResponseTime -->
  <testcase name="checkStatusLine" time="0.002" classname="TC001_Get_Request"/>
  <testcase name="checkContentType" time="1.517" classname="TC001_Get_Request"/>
  <testcase name="checkServerType" time="0.002" classname="TC001_Get_Request">
    <failure type="junit.framework.ComparisonFailure" message="expected:&amp;lt;[]&amp;gt; but was:&amp;lt;[Microsoft-IIS/8.5]&amp;gt;">
      <![CDATA[junit.framework.ComparisonFailure: expected:<[]> but was:<[Microsoft-IIS/8.5]>
at junit.framework.Assert.assertEquals(Assert.java:85)
at junit.framework.Assert.assertEquals(Assert.java:91)
at TC001_Get_Request.checkServerType(TC001_Get_Request.java:136)
at java.util.ArrayList.forEach(Unknown Source)
... Removed 27 stack frames]]>
    </failure>
  </testcase> <!-- checkServerType -->
  <testcase name="checkContentLength" time="0.001" classname="TC001_Get_Request"/>
  <testcase name="Chectetst" time="1.633" classname="TC001_Get_Request"/>
  <testcase name="VerifyMobileNumber" time="1.737" classname="TC001_Post_Request"/>
  <testcase name="checkContentEncoding" time="0.0" classname="TC001_Get_Request">
    <ignored/>
  </testcase> <!-- checkContentEncoding -->
</testsuite>
